# JRE version: OpenJDK Runtime Environment (17.0.9) (build 17.0.9+0--11185874)
# Java VM: OpenJDK 64-Bit Server VM (17.0.9+0--11185874, mixed mode, tiered, compressed oops, compressed class ptrs, g1 gc, windows-amd64)
GC Precious Log:
 CPUs: 16 total, 16 available
 Memory: 15613M
 Large Page Support: Disabled
 NUMA Support: Disabled
 Compressed Oops: Enabled (32-bit)
 Heap Region Size: 1M
 Heap Min Capacity: 8M
 Heap Initial Capacity: 244M
 Heap Max Capacity: 2G
 Pre-touch: Disabled
 Parallel Workers: 13
 Concurrent Workers: 3
 Concurrent Refinement Workers: 13
 Periodic GC: Disabled
Heap:
 garbage-first heap   total 374784K, used 319562K [0x0000000080000000, 0x0000000100000000)
  region size 1024K, 3 young (3072K), 3 survivors (3072K)
 Metaspace       used 194708K, committed 195904K, reserved 1245184K
  class space    used 24741K, committed 25344K, reserved 1048576K
GC Heap History (20 events):
Event: 42.074 GC heap after
{Heap after GC invocations=70 (full 0):
 garbage-first heap   total 374784K, used 260887K [0x0000000080000000, 0x0000000100000000)
  region size 1024K, 8 young (8192K), 8 survivors (8192K)
 Metaspace       used 182757K, committed 183808K, reserved 1245184K
  class space    used 23462K, committed 24000K, reserved 1048576K
}
Event: 43.181 GC heap before
{Heap before GC invocations=70 (full 0):
 garbage-first heap   total 374784K, used 320279K [0x0000000080000000, 0x0000000100000000)
  region size 1024K, 67 young (68608K), 8 survivors (8192K)
 Metaspace       used 183896K, committed 184896K, reserved 1245184K
  class space    used 23594K, committed 24128K, reserved 1048576K
}
Event: 43.186 GC heap after
{Heap after GC invocations=71 (full 0):
 garbage-first heap   total 374784K, used 265598K [0x0000000080000000, 0x0000000100000000)
  region size 1024K, 7 young (7168K), 7 survivors (7168K)
 Metaspace       used 183896K, committed 184896K, reserved 1245184K
  class space    used 23594K, committed 24128K, reserved 1048576K
}
Event: 44.126 GC heap before
{Heap before GC invocations=71 (full 0):
 garbage-first heap   total 374784K, used 320894K [0x0000000080000000, 0x0000000100000000)
  region size 1024K, 61 young (62464K), 7 survivors (7168K)
 Metaspace       used 187477K, committed 188480K, reserved 1245184K
  class space    used 23999K, committed 24512K, reserved 1048576K
}
Event: 44.132 GC heap after
{Heap after GC invocations=72 (full 0):
 garbage-first heap   total 374784K, used 271319K [0x0000000080000000, 0x0000000100000000)
  region size 1024K, 6 young (6144K), 6 survivors (6144K)
 Metaspace       used 187477K, committed 188480K, reserved 1245184K
  class space    used 23999K, committed 24512K, reserved 1048576K
}
Event: 44.582 GC heap before
{Heap before GC invocations=72 (full 0):
 garbage-first heap   total 374784K, used 320471K [0x0000000080000000, 0x0000000100000000)
  region size 1024K, 55 young (56320K), 6 survivors (6144K)
 Metaspace       used 191521K, committed 192704K, reserved 1245184K
  class space    used 24477K, committed 25088K, reserved 1048576K
}
Event: 44.586 GC heap after
{Heap after GC invocations=73 (full 0):
 garbage-first heap   total 374784K, used 275201K [0x0000000080000000, 0x0000000100000000)
  region size 1024K, 4 young (4096K), 4 survivors (4096K)
 Metaspace       used 191521K, committed 192704K, reserved 1245184K
  class space    used 24477K, committed 25088K, reserved 1048576K
}
Event: 1346.777 GC heap before
{Heap before GC invocations=73 (full 0):
 garbage-first heap   total 374784K, used 322305K [0x0000000080000000, 0x0000000100000000)
  region size 1024K, 51 young (52224K), 4 survivors (4096K)
 Metaspace       used 194334K, committed 195456K, reserved 1245184K
  class space    used 24705K, committed 25280K, reserved 1048576K
}
Event: 1346.780 GC heap after
{Heap after GC invocations=74 (full 0):
 garbage-first heap   total 374784K, used 275075K [0x0000000080000000, 0x0000000100000000)
  region size 1024K, 4 young (4096K), 4 survivors (4096K)
 Metaspace       used 194334K, committed 195456K, reserved 1245184K
  class space    used 24705K, committed 25280K, reserved 1048576K
}
Event: 1411.322 GC heap before
{Heap before GC invocations=74 (full 0):
 garbage-first heap   total 374784K, used 331395K [0x0000000080000000, 0x0000000100000000)
  region size 1024K, 53 young (54272K), 4 survivors (4096K)
 Metaspace       used 194682K, committed 195840K, reserved 1245184K
  class space    used 24741K, committed 25344K, reserved 1048576K
}
Event: 1411.326 GC heap after
{Heap after GC invocations=75 (full 0):
 garbage-first heap   total 374784K, used 287907K [0x0000000080000000, 0x0000000100000000)
  region size 1024K, 7 young (7168K), 7 survivors (7168K)
 Metaspace       used 194682K, committed 195840K, reserved 1245184K
  class space    used 24741K, committed 25344K, reserved 1048576K
}
Event: 1411.435 GC heap before
{Heap before GC invocations=75 (full 0):
 garbage-first heap   total 374784K, used 324771K [0x0000000080000000, 0x0000000100000000)
  region size 1024K, 44 young (45056K), 7 survivors (7168K)
 Metaspace       used 194682K, committed 195840K, reserved 1245184K
  class space    used 24741K, committed 25344K, reserved 1048576K
}
Event: 1411.443 GC heap after
{Heap after GC invocations=76 (full 0):
 garbage-first heap   total 374784K, used 291505K [0x0000000080000000, 0x0000000100000000)
  region size 1024K, 6 young (6144K), 6 survivors (6144K)
 Metaspace       used 194682K, committed 195840K, reserved 1245184K
  class space    used 24741K, committed 25344K, reserved 1048576K
}
Event: 1411.499 GC heap before
{Heap before GC invocations=76 (full 0):
 garbage-first heap   total 374784K, used 321201K [0x0000000080000000, 0x0000000100000000)
  region size 1024K, 35 young (35840K), 6 survivors (6144K)
 Metaspace       used 194685K, committed 195840K, reserved 1245184K
  class space    used 24741K, committed 25344K, reserved 1048576K
}
Event: 1411.505 GC heap after
{Heap after GC invocations=77 (full 0):
 garbage-first heap   total 374784K, used 301056K [0x0000000080000000, 0x0000000100000000)
  region size 1024K, 5 young (5120K), 5 survivors (5120K)
 Metaspace       used 194685K, committed 195840K, reserved 1245184K
  class space    used 24741K, committed 25344K, reserved 1048576K
}
Event: 1411.550 GC heap before
{Heap before GC invocations=77 (full 0):
 garbage-first heap   total 374784K, used 322560K [0x0000000080000000, 0x0000000100000000)
  region size 1024K, 26 young (26624K), 5 survivors (5120K)
 Metaspace       used 194691K, committed 195904K, reserved 1245184K
  class space    used 24741K, committed 25344K, reserved 1048576K
}
Event: 1411.555 GC heap after
{Heap after GC invocations=78 (full 0):
 garbage-first heap   total 374784K, used 307486K [0x0000000080000000, 0x0000000100000000)
  region size 1024K, 4 young (4096K), 4 survivors (4096K)
 Metaspace       used 194691K, committed 195904K, reserved 1245184K
  class space    used 24741K, committed 25344K, reserved 1048576K
}
Event: 1411.561 GC heap before
{Heap before GC invocations=78 (full 0):
 garbage-first heap   total 374784K, used 309534K [0x0000000080000000, 0x0000000100000000)
  region size 1024K, 7 young (7168K), 4 survivors (4096K)
 Metaspace       used 194696K, committed 195904K, reserved 1245184K
  class space    used 24741K, committed 25344K, reserved 1048576K
}
Event: 1411.564 GC heap after
{Heap after GC invocations=79 (full 0):
 garbage-first heap   total 374784K, used 308989K [0x0000000080000000, 0x0000000100000000)
  region size 1024K, 1 young (1024K), 1 survivors (1024K)
 Metaspace       used 194696K, committed 195904K, reserved 1245184K
  class space    used 24741K, committed 25344K, reserved 1048576K
}
Event: 1411.659 GC heap before
{Heap before GC invocations=79 (full 0):
 garbage-first heap   total 374784K, used 333565K [0x0000000080000000, 0x0000000100000000)
  region size 1024K, 18 young (18432K), 1 survivors (1024K)
 Metaspace       used 194708K, committed 195904K, reserved 1245184K
  class space    used 24741K, committed 25344K, reserved 1048576K
}

